c:\users\redhat\source\repos\kernelreadwritedriver\kernelreadwritedriver\x64\release\vc143.pdb
c:\users\redhat\source\repos\kernelreadwritedriver\kernelreadwritedriver\x64\release\kernalreadwrite.obj
c:\users\redhat\source\repos\kernelreadwritedriver\x64\release\kernelreadwritedriver\kernelreadwritedriver.cat
c:\users\redhat\source\repos\kernelreadwritedriver\x64\release\kernelreadwritedriver.sys
c:\users\redhat\source\repos\kernelreadwritedriver\x64\release\kernelreadwritedriver.pdb
c:\users\redhat\source\repos\kernelreadwritedriver\kernelreadwritedriver\x64\release\kernelreadwritedriver.inf
c:\users\redhat\source\repos\kernelreadwritedriver\x64\release\kernelreadwritedriver.cer
c:\users\redhat\source\repos\kernelreadwritedriver\x64\release\kernelreadwritedriver.inf
c:\users\redhat\source\repos\kernelreadwritedriver\kernelreadwritedriver\x64\release\kernelre.81b303f8.tlog\cl.command.1.tlog
c:\users\redhat\source\repos\kernelreadwritedriver\kernelreadwritedriver\x64\release\kernelre.81b303f8.tlog\cl.items.tlog
c:\users\redhat\source\repos\kernelreadwritedriver\kernelreadwritedriver\x64\release\kernelre.81b303f8.tlog\cl.read.1.tlog
c:\users\redhat\source\repos\kernelreadwritedriver\kernelreadwritedriver\x64\release\kernelre.81b303f8.tlog\cl.write.1.tlog
c:\users\redhat\source\repos\kernelreadwritedriver\kernelreadwritedriver\x64\release\kernelre.81b303f8.tlog\inf2cat-expand.6156.read.1.tlog
c:\users\redhat\source\repos\kernelreadwritedriver\kernelreadwritedriver\x64\release\kernelre.81b303f8.tlog\inf2cat-expand.6156.write.1.tlog
c:\users\redhat\source\repos\kernelreadwritedriver\kernelreadwritedriver\x64\release\kernelre.81b303f8.tlog\inf2cat-expand.read.1.tlog
c:\users\redhat\source\repos\kernelreadwritedriver\kernelreadwritedriver\x64\release\kernelre.81b303f8.tlog\inf2cat-expand.write.1.tlog
c:\users\redhat\source\repos\kernelreadwritedriver\kernelreadwritedriver\x64\release\kernelre.81b303f8.tlog\inf2cat.command.1.tlog
c:\users\redhat\source\repos\kernelreadwritedriver\kernelreadwritedriver\x64\release\kernelre.81b303f8.tlog\inf2cat.read.1.tlog
c:\users\redhat\source\repos\kernelreadwritedriver\kernelreadwritedriver\x64\release\kernelre.81b303f8.tlog\inf2cat.write.1.tlog
c:\users\redhat\source\repos\kernelreadwritedriver\kernelreadwritedriver\x64\release\kernelre.81b303f8.tlog\link.command.1.tlog
c:\users\redhat\source\repos\kernelreadwritedriver\kernelreadwritedriver\x64\release\kernelre.81b303f8.tlog\link.read.1.tlog
c:\users\redhat\source\repos\kernelreadwritedriver\kernelreadwritedriver\x64\release\kernelre.81b303f8.tlog\link.write.1.tlog
c:\users\redhat\source\repos\kernelreadwritedriver\kernelreadwritedriver\x64\release\kernelre.81b303f8.tlog\signtool.command.1.tlog
c:\users\redhat\source\repos\kernelreadwritedriver\kernelreadwritedriver\x64\release\kernelre.81b303f8.tlog\signtool.read.1.tlog
c:\users\redhat\source\repos\kernelreadwritedriver\kernelreadwritedriver\x64\release\kernelre.81b303f8.tlog\signtool.timestamp.1.tlog
c:\users\redhat\source\repos\kernelreadwritedriver\kernelreadwritedriver\x64\release\kernelre.81b303f8.tlog\signtool.write.1.tlog
c:\users\redhat\source\repos\kernelreadwritedriver\kernelreadwritedriver\x64\release\kernelre.81b303f8.tlog\stampinf.command.1.tlog
c:\users\redhat\source\repos\kernelreadwritedriver\kernelreadwritedriver\x64\release\kernelre.81b303f8.tlog\stampinf.read.1.tlog
c:\users\redhat\source\repos\kernelreadwritedriver\kernelreadwritedriver\x64\release\kernelre.81b303f8.tlog\stampinf.write.1.tlog
