  Building 'KernelReadWriteDriver' with toolset 'WindowsKernelModeDriver10.0' and the 'Universal' target platform.
  Stamping x64\Release\KernelReadWriteDriver.inf
  Stamping [Version] section with DriverVer=01/12/2024,18.6.44.256
  Communication.c
  Events.c
  KernelReadWrite.c
  memory.c
  Generating Code...
  KernelReadWriteDriver.vcxproj -> C:\Users\redhat\Documents\GitHub\The-Kernel-Driver-Tutorial\x64\Release\KernelReadWriteDriver.sys
  Done Adding Additional Store
  Successfully signed: C:\Users\redhat\Documents\GitHub\The-Kernel-Driver-Tutorial\x64\Release\KernelReadWriteDriver.sys
  
  Driver is 'Universal'.
  ........................
  Signability test complete.
  
  Errors:
  None
  
  Warnings:
  None
  
  Catalog generation complete.
  C:\Users\redhat\Documents\GitHub\The-Kernel-Driver-Tutorial\x64\Release\KernelReadWriteDriver\kernelreadwritedriver.cat
  Done Adding Additional Store
  Successfully signed: C:\Users\redhat\Documents\GitHub\The-Kernel-Driver-Tutorial\x64\Release\KernelReadWriteDriver\kernelreadwritedriver.cat
  
