  main.cpp
C:\Users\redhat\Documents\GitHub\The-Kernel-Driver-Guide\KernelReadWriteDriver_UserMode_IMGUI\Kernelinterface.hpp(43,98): warning C4267: 'argument': conversion from 'size_t' to 'DWORD', possible loss of data
  (compiling source file 'main.cpp')
  
C:\Users\redhat\Documents\GitHub\The-Kernel-Driver-Guide\KernelReadWriteDriver_UserMode_IMGUI\main.cpp(85,83): warning C4244: 'argument': conversion from 'uintptr_t' to 'ULONG', possible loss of data
C:\Users\redhat\Documents\GitHub\The-Kernel-Driver-Guide\KernelReadWriteDriver_UserMode_IMGUI\main.cpp(88,76): warning C4244: 'argument': conversion from 'uintptr_t' to 'ULONG', possible loss of data
C:\Users\redhat\Documents\GitHub\The-Kernel-Driver-Guide\KernelReadWriteDriver_UserMode_IMGUI\main.cpp(90,73): warning C4244: 'argument': conversion from 'uintptr_t' to 'ULONG', possible loss of data
C:\Users\redhat\Documents\GitHub\The-Kernel-Driver-Guide\KernelReadWriteDriver_UserMode_IMGUI\main.cpp(91,71): warning C4244: 'argument': conversion from 'uintptr_t' to 'ULONG', possible loss of data
C:\Users\redhat\Documents\GitHub\The-Kernel-Driver-Guide\KernelReadWriteDriver_UserMode_IMGUI\main.cpp(125,81): warning C4244: 'argument': conversion from 'uintptr_t' to 'ULONG', possible loss of data
C:\Users\redhat\Documents\GitHub\The-Kernel-Driver-Guide\KernelReadWriteDriver_UserMode_IMGUI\main.cpp(132,15): warning C4244: 'initializing': conversion from 'double' to 'float', possible loss of data
C:\Users\redhat\Documents\GitHub\The-Kernel-Driver-Guide\KernelReadWriteDriver_UserMode_IMGUI\main.cpp(134,17): warning C4244: 'initializing': conversion from 'double' to 'float', possible loss of data
C:\Users\redhat\Documents\GitHub\The-Kernel-Driver-Guide\KernelReadWriteDriver_UserMode_IMGUI\main.cpp(136,11): warning C4552: '+': result of expression not used
C:\Users\redhat\Documents\GitHub\The-Kernel-Driver-Guide\KernelReadWriteDriver_UserMode_IMGUI\Kernelinterface.hpp(105,24): warning C4244: '=': conversion from 'SIZE_T' to 'ULONG', possible loss of data
  (compiling source file 'main.cpp')
  C:\Users\redhat\Documents\GitHub\The-Kernel-Driver-Guide\KernelReadWriteDriver_UserMode_IMGUI\Kernelinterface.hpp(105,24):
  the template instantiation context (the oldest one first) is
  	C:\Users\redhat\Documents\GitHub\The-Kernel-Driver-Guide\KernelReadWriteDriver_UserMode_IMGUI\main.cpp(73,33):
  	see reference to function template instantiation 'type KernelInterface::ReadVirtualMemory<uintptr_t>(ULONG,ULONG,SIZE_T)' being compiled
          with
          [
              type=uintptr_t
          ]
  
C:\Users\redhat\Documents\GitHub\The-Kernel-Driver-Guide\KernelReadWriteDriver_UserMode_IMGUI\Kernelinterface.hpp(147,25): warning C4244: '=': conversion from 'SIZE_T' to 'ULONG', possible loss of data
  (compiling source file 'main.cpp')
  C:\Users\redhat\Documents\GitHub\The-Kernel-Driver-Guide\KernelReadWriteDriver_UserMode_IMGUI\Kernelinterface.hpp(147,25):
  the template instantiation context (the oldest one first) is
  	C:\Users\redhat\Documents\GitHub\The-Kernel-Driver-Guide\KernelReadWriteDriver_UserMode_IMGUI\main.cpp(141,13):
  	see reference to function template instantiation 'bool KernelInterface::WriteVirtualMemory<float>(ULONG,ULONG,type,SIZE_T)' being compiled
          with
          [
              type=float
          ]
  
C:\Users\redhat\Documents\GitHub\The-Kernel-Driver-Guide\KernelReadWriteDriver_UserMode_IMGUI\Kernelinterface.hpp(126,24): warning C4244: '=': conversion from 'SIZE_T' to 'ULONG', possible loss of data
  (compiling source file 'main.cpp')
  C:\Users\redhat\Documents\GitHub\The-Kernel-Driver-Guide\KernelReadWriteDriver_UserMode_IMGUI\Kernelinterface.hpp(126,24):
  the template instantiation context (the oldest one first) is
  	C:\Users\redhat\Documents\GitHub\The-Kernel-Driver-Guide\KernelReadWriteDriver_UserMode_IMGUI\main.cpp(231,8):
  	see reference to function template instantiation 'void KernelInterface::ReadVirtualMemory<char>(DWORD,DWORD,T *,SIZE_T)' being compiled
          with
          [
              T=char
          ]
  
  Generating code
  3 of 2113 functions ( 0.1%) were compiled, the rest were copied from previous compilation.
    0 functions were new in current compilation
    21 functions had inline decision re-evaluated but remain unchanged
  Finished generating code
  KernelReadWriteDriver_UserMode_IMGUI.vcxproj -> C:\Users\redhat\Documents\GitHub\The-Kernel-Driver-Guide\x64\Release\KernelReadWriteDriver_UserMode_IMGUI.exe
